生成启动时间为 2017/5/5 20:11:29。
     1>项目“C:\Users\Yue\Desktop\SSDT_HOOK\SSDT_HOOK.vcxproj”在节点 2 上(Rebuild 个目标)。
     1>StampInf:
         C:\Program Files (x86)\Windows Kits\8.1\bin\x86\stampinf.exe -d "*" -a "x86" -v "*" -k "1.11" -u "1.11.0" -f Win7Debug\SSDT_HOOK.inf 
         Stamping Win7Debug\SSDT_HOOK.inf [Version] section with DriverVer=05/05/2017,20.11.30.232
       ClCompile:
         C:\Program Files (x86)\Microsoft Visual Studio 12.0\VC\bin\CL.exe /c /IWin7Debug\ /Zi /nologo /W1 /WX- /Od /Oi /Oy- /D _X86_=1 /D i386=1 /D STD_CALL /D DEPRECATE_DDK_FUNCTIONS=1 /D MSC_NOOPT /D _WIN32_WINNT=0x0601 /D WINVER=0x0601 /D WINNT=1 /D NTDDI_VERSION=0x06010000 /D DBG=1 /GF /Gm- /Zp8 /GS /Gy /fp:precise /Zc:wchar_t- /Zc:forScope- /GR- /Fo"Win7Debug\\" /Fd"Win7Debug\vc120.pdb" /Gz /wd4748 /wd4603 /wd4627 /wd4986 /wd4987 /wd4996 /FI"C:\Program Files (x86)\Windows Kits\8.1\Include\Shared\warning.h" /analyze- /errorReport:prompt /kernel -cbstring /d1import_no_registry /d2AllowCompatibleILVersions /d2Zi+ ProcessForbid.c Regedit_Operation.c SSDT_HOOK.c
         ProcessForbid.c
         Regedit_Operation.c
         SSDT_HOOK.c
         正在生成代码...
       Link:
         C:\Program Files (x86)\Microsoft Visual Studio 12.0\VC\bin\link.exe /ERRORREPORT:PROMPT /OUT:"C:\Users\Yue\Desktop\SSDT_HOOK\Win7Debug\SSDT_HOOK.sys" /VERSION:"6.3" /INCREMENTAL:NO /NOLOGO /WX /SECTION:"INIT,d" "C:\Program Files (x86)\Windows Kits\8.1\lib\win7\KM\x86\memcmp.lib" "C:\Program Files (x86)\Windows Kits\8.1\lib\win7\KM\x86\BufferOverflowK.lib" "C:\Program Files (x86)\Windows Kits\8.1\lib\win7\KM\x86\ntoskrnl.lib" "C:\Program Files (x86)\Windows Kits\8.1\lib\win7\KM\x86\hal.lib" "C:\Program Files (x86)\Windows Kits\8.1\lib\win7\KM\x86\wmilib.lib" /NODEFAULTLIB /MANIFEST:NO /DEBUG /PDB:"C:\Users\Yue\Desktop\SSDT_HOOK\Win7Debug\SSDT_HOOK.pdb" /SUBSYSTEM:NATIVE,"6.01" /Driver /OPT:REF /OPT:ICF /ENTRY:"GsDriverEntry@8" /RELEASE /IMPLIB:"C:\Users\Yue\Desktop\SSDT_HOOK\Win7Debug\SSDT_HOOK.lib" /MERGE:"_TEXT=.text;_PAGE=PAGE" /MACHINE:X86 /PROFILE /kernel /IGNORE:4198,4010,4037,4039,4065,4070,4078,4087,4089,4221 /osversion:6.3 /pdbcompress /debugtype:pdata Win7Debug\ProcessForbid.obj
         Win7Debug\Regedit_Operation.obj
         Win7Debug\SSDT_HOOK.obj
         SSDT_HOOK.vcxproj -> C:\Users\Yue\Desktop\SSDT_HOOK\Win7Debug\SSDT_HOOK.sys
       DriverTestSign:
         C:\Program Files (x86)\Windows Kits\8.1\bin\x86\signtool.exe sign /ph /sha1 "C6EF03615496E838B380295C06F372BCB5AA0109" 
         Done Adding Additional Store
         Successfully signed: C:\Users\Yue\Desktop\SSDT_HOOK\Win7Debug\SSDT_HOOK.sys
         
     1>已完成生成项目“C:\Users\Yue\Desktop\SSDT_HOOK\SSDT_HOOK.vcxproj”(Rebuild 个目标)的操作。

生成成功。

已用时间 00:00:02.45
