c:\users\yue\desktop\ssdt_hook\win7debug\ssdt_hook.sys
c:\users\yue\desktop\ssdt_hook\win7debug\ssdt_hook.inf
c:\users\yue\desktop\ssdt_hook\win7debug\vc120.pdb
c:\users\yue\desktop\ssdt_hook\win7debug\ssdt_hook.obj
c:\users\yue\desktop\ssdt_hook\win7debug\regedit_operation.obj
c:\users\yue\desktop\ssdt_hook\win7debug\processforbid.obj
c:\users\yue\desktop\ssdt_hook\win7debug\ssdt_hook.pdb
c:\users\yue\desktop\ssdt_hook\win7debug\ssdt_hook.cer
c:\users\yue\desktop\ssdt_hook\win7debug\signtool.command.1.tlog
c:\users\yue\desktop\ssdt_hook\win7debug\signtool.read.1.tlog
c:\users\yue\desktop\ssdt_hook\win7debug\signtool.write.1.tlog
c:\users\yue\desktop\ssdt_hook\win7debug\stampinf.command.1.tlog
c:\users\yue\desktop\ssdt_hook\win7debug\stampinf.read.1.tlog
c:\users\yue\desktop\ssdt_hook\win7debug\stampinf.write.1.tlog
c:\users\yue\desktop\ssdt_hook\win7debug\ssdt_hook.tlog\cl.command.1.tlog
c:\users\yue\desktop\ssdt_hook\win7debug\ssdt_hook.tlog\cl.read.1.tlog
c:\users\yue\desktop\ssdt_hook\win7debug\ssdt_hook.tlog\cl.write.1.tlog
c:\users\yue\desktop\ssdt_hook\win7debug\ssdt_hook.tlog\link.command.1.tlog
c:\users\yue\desktop\ssdt_hook\win7debug\ssdt_hook.tlog\link.read.1.tlog
c:\users\yue\desktop\ssdt_hook\win7debug\ssdt_hook.tlog\link.write.1.tlog
