D:\Documents\Visual Studio 2010\Projects\sfilterApp\sfilterApp\Release\CL.28760.read.1.tlog
D:\Documents\Visual Studio 2010\Projects\sfilterApp\sfilterApp\Release\CL.28760.write.1.tlog
D:\Documents\Visual Studio 2010\Projects\sfilterApp\sfilterApp\Release\CL.29272.read.1.tlog
D:\Documents\Visual Studio 2010\Projects\sfilterApp\sfilterApp\Release\CL.29272.write.1.tlog
D:\Documents\Visual Studio 2010\Projects\sfilterApp\sfilterApp\Release\CL.29288.read.1.tlog
D:\Documents\Visual Studio 2010\Projects\sfilterApp\sfilterApp\Release\CL.30680.read.1.tlog
D:\Documents\Visual Studio 2010\Projects\sfilterApp\sfilterApp\Release\CL.30680.write.1.tlog
D:\Documents\Visual Studio 2010\Projects\sfilterApp\sfilterApp\Release\cl.command.1.tlog
D:\Documents\Visual Studio 2010\Projects\sfilterApp\sfilterApp\Release\CL.read.1.tlog
D:\Documents\Visual Studio 2010\Projects\sfilterApp\sfilterApp\Release\CL.write.1.tlog
D:\DOCUMENTS\VISUAL STUDIO 2010\PROJECTS\SFILTERAPP\SFILTERAPP\RELEASE\DATABASEFUNCTION.OBJ
D:\DOCUMENTS\VISUAL STUDIO 2010\PROJECTS\SFILTERAPP\SFILTERAPP\RELEASE\HASHTABLE_FUNCTION.OBJ
D:\Documents\Visual Studio 2010\Projects\sfilterApp\sfilterApp\Release\link.command.1.tlog
D:\Documents\Visual Studio 2010\Projects\sfilterApp\sfilterApp\Release\link.read.1.tlog
D:\Documents\Visual Studio 2010\Projects\sfilterApp\sfilterApp\Release\link.write.1.tlog
D:\Documents\Visual Studio 2010\Projects\sfilterApp\sfilterApp\Release\rc.command.1.tlog
D:\Documents\Visual Studio 2010\Projects\sfilterApp\sfilterApp\Release\rc.read.1.tlog
D:\Documents\Visual Studio 2010\Projects\sfilterApp\sfilterApp\Release\rc.write.1.tlog
D:\Documents\Visual Studio 2010\Projects\sfilterApp\sfilterApp\Release\sfilterApp.exe.embed.manifest
D:\DOCUMENTS\VISUAL STUDIO 2010\PROJECTS\SFILTERAPP\SFILTERAPP\RELEASE\SFILTERAPP.EXE.EMBED.MANIFEST.RES
D:\DOCUMENTS\VISUAL STUDIO 2010\PROJECTS\SFILTERAPP\SFILTERAPP\RELEASE\SFILTERAPP.OBJ
D:\DOCUMENTS\VISUAL STUDIO 2010\PROJECTS\SFILTERAPP\SFILTERAPP\RELEASE\SFILTERAPP.PCH
D:\Documents\Visual Studio 2010\Projects\sfilterApp\sfilterApp\Release\sfilterApp.write.1.tlog
D:\Documents\Visual Studio 2010\Projects\sfilterApp\sfilterApp\Release\sfilterApp_manifest.rc
D:\DOCUMENTS\VISUAL STUDIO 2010\PROJECTS\SFILTERAPP\SFILTERAPP\RELEASE\STDAFX.OBJ
D:\DOCUMENTS\VISUAL STUDIO 2010\PROJECTS\SFILTERAPP\SFILTERAPP\RELEASE\THREAD_FUNCTION.OBJ
D:\DOCUMENTS\VISUAL STUDIO 2010\PROJECTS\SFILTERAPP\SFILTERAPP\RELEASE\VC100.PDB
