Build started 2017/4/11 19:08:08.
     1>Project "D:\Documents\Visual Studio 2010\Projects\sfilterApp\sfilterApp\sfilterApp.vcxproj" on node 2 (rebuild target(s)).
     1>_PrepareForClean:
         Deleting file "Release\sfilterApp.lastbuildstate".
       ClCompile:
         C:\Program Files (x86)\Microsoft Visual Studio 10.0\VC\bin\CL.exe /c /I"C:\Program Files\MySQL\MySQL Server 5.7\include" /Zi /nologo /W3 /WX- /MP /O2 /Oi /Oy- /GL /D WIN32 /D NDEBUG /D _CONSOLE /D _UNICODE /D UNICODE /Gm- /EHsc /MD /GS /Gy /fp:precise /Zc:wchar_t /Zc:forScope /Yc"StdAfx.h" /Fp"Release\sfilterApp.pch" /Fo"Release\\" /Fd"Release\vc100.pdb" /Gd /TP /analyze- /errorReport:prompt /FAu stdafx.cpp
         stdafx.cpp
         C:\Program Files (x86)\Microsoft Visual Studio 10.0\VC\bin\CL.exe /c /I"C:\Program Files\MySQL\MySQL Server 5.7\include" /Zi /nologo /W3 /WX- /MP /O2 /Oi /Oy- /GL /D WIN32 /D NDEBUG /D _CONSOLE /D _UNICODE /D UNICODE /Gm- /EHsc /MD /GS /Gy /fp:precise /Zc:wchar_t /Zc:forScope /Yu"StdAfx.h" /Fp"Release\sfilterApp.pch" /Fo"Release\\" /Fd"Release\vc100.pdb" /Gd /TP /analyze- /errorReport:prompt /FAu DataBaseFunction.cpp HashTable_Function.cpp sfilterApp.cpp Thread_Function.cpp
         DataBaseFunction.cpp
         HashTable_Function.cpp
         sfilterApp.cpp
         Thread_Function.cpp
     1>Thread_Function.cpp(161): warning C4018: '<' : signed/unsigned mismatch
       Link:
         C:\Program Files (x86)\Microsoft Visual Studio 10.0\VC\bin\link.exe /ERRORREPORT:PROMPT /OUT:"D:\Documents\Visual Studio 2010\Projects\sfilterApp\Release\sfilterApp.exe" /INCREMENTAL:NO /NOLOGO /LIBPATH:"C:\Program Files\MySQL\MySQL Server 5.7\lib" /WX:NO libmysql.lib kernel32.lib user32.lib gdi32.lib winspool.lib comdlg32.lib advapi32.lib shell32.lib ole32.lib oleaut32.lib uuid.lib odbc32.lib odbccp32.lib /MANIFEST /ManifestFile:"Release\sfilterApp.exe.intermediate.manifest" /MANIFESTUAC:"level='asInvoker' uiAccess='false'" /DEBUG /PDB:"D:\Documents\Visual Studio 2010\Projects\sfilterApp\Release\sfilterApp.pdb" /SUBSYSTEM:CONSOLE /OPT:REF /OPT:ICF /LTCG /TLBID:1 /DYNAMICBASE /NXCOMPAT /IMPLIB:"D:\Documents\Visual Studio 2010\Projects\sfilterApp\Release\sfilterApp.lib" /MACHINE:X86 Release\DataBaseFunction.obj
         Release\HashTable_Function.obj
         Release\sfilterApp.obj
         Release\stdafx.obj
         Release\Thread_Function.obj
     1>sfilterApp.obj : error LNK2001: unresolved external symbol _mysql_init@4
     1>sfilterApp.obj : error LNK2001: unresolved external symbol "struct st_mysql mysql" (?mysql@@3Ust_mysql@@A)
     1>D:\Documents\Visual Studio 2010\Projects\sfilterApp\Release\sfilterApp.exe : fatal error LNK1120: 2 unresolved externals
     1>Done Building Project "D:\Documents\Visual Studio 2010\Projects\sfilterApp\sfilterApp\sfilterApp.vcxproj" (rebuild target(s)) -- FAILED.

Build FAILED.

Time Elapsed 00:00:00.86
