D:\Documents\Visual Studio 2010\Projects\sfilterApp\sfilterApp\Debug\cl.command.1.tlog
D:\Documents\Visual Studio 2010\Projects\sfilterApp\sfilterApp\Debug\CL.read.1.tlog
D:\Documents\Visual Studio 2010\Projects\sfilterApp\sfilterApp\Debug\CL.write.1.tlog
D:\DOCUMENTS\VISUAL STUDIO 2010\PROJECTS\SFILTERAPP\SFILTERAPP\DEBUG\DATABASEFUNCTION.OBJ
D:\DOCUMENTS\VISUAL STUDIO 2010\PROJECTS\SFILTERAPP\SFILTERAPP\DEBUG\HASHTABLE_FUNCTION.OBJ
D:\Documents\Visual Studio 2010\Projects\sfilterApp\sfilterApp\Debug\link.command.1.tlog
D:\Documents\Visual Studio 2010\Projects\sfilterApp\sfilterApp\Debug\link.read.1.tlog
D:\Documents\Visual Studio 2010\Projects\sfilterApp\sfilterApp\Debug\link.write.1.tlog
D:\Documents\Visual Studio 2010\Projects\sfilterApp\sfilterApp\Debug\rc.command.1.tlog
D:\Documents\Visual Studio 2010\Projects\sfilterApp\sfilterApp\Debug\rc.read.1.tlog
D:\Documents\Visual Studio 2010\Projects\sfilterApp\sfilterApp\Debug\rc.write.1.tlog
D:\Documents\Visual Studio 2010\Projects\sfilterApp\sfilterApp\Debug\sfilterApp.exe.embed.manifest
D:\DOCUMENTS\VISUAL STUDIO 2010\PROJECTS\SFILTERAPP\SFILTERAPP\DEBUG\SFILTERAPP.EXE.EMBED.MANIFEST.RES
D:\DOCUMENTS\VISUAL STUDIO 2010\PROJECTS\SFILTERAPP\SFILTERAPP\DEBUG\SFILTERAPP.OBJ
D:\DOCUMENTS\VISUAL STUDIO 2010\PROJECTS\SFILTERAPP\SFILTERAPP\DEBUG\SFILTERAPP.PCH
D:\Documents\Visual Studio 2010\Projects\sfilterApp\sfilterApp\Debug\sfilterApp.write.1.tlog
D:\Documents\Visual Studio 2010\Projects\sfilterApp\sfilterApp\Debug\sfilterApp_manifest.rc
D:\DOCUMENTS\VISUAL STUDIO 2010\PROJECTS\SFILTERAPP\SFILTERAPP\DEBUG\STDAFX.OBJ
D:\DOCUMENTS\VISUAL STUDIO 2010\PROJECTS\SFILTERAPP\SFILTERAPP\DEBUG\THREAD_FUNCTION.OBJ
D:\Documents\Visual Studio 2010\Projects\sfilterApp\sfilterApp\Debug\vc100.idb
D:\DOCUMENTS\VISUAL STUDIO 2010\PROJECTS\SFILTERAPP\SFILTERAPP\DEBUG\VC100.PDB
