e:\vs2013_prac\mcredentialprovider\sampleallcontrolscredentialprovider\release\vc120.pdb
e:\vs2013_prac\mcredentialprovider\sampleallcontrolscredentialprovider\release\helpers.obj
e:\vs2013_prac\mcredentialprovider\sampleallcontrolscredentialprovider\release\guid.obj
e:\vs2013_prac\mcredentialprovider\sampleallcontrolscredentialprovider\release\driveroperation.obj
e:\vs2013_prac\mcredentialprovider\sampleallcontrolscredentialprovider\release\dll.obj
e:\vs2013_prac\mcredentialprovider\sampleallcontrolscredentialprovider\release\databaseoperation.obj
e:\vs2013_prac\mcredentialprovider\sampleallcontrolscredentialprovider\release\mprovider.obj
e:\vs2013_prac\mcredentialprovider\sampleallcontrolscredentialprovider\release\mcredential.obj
e:\vs2013_prac\mcredentialprovider\release\mcredentialprovider.ilk
e:\vs2013_prac\mcredentialprovider\release\mcredentialprovider.dll
e:\vs2013_prac\mcredentialprovider\release\mcredentialprovider.pdb
e:\vs2013_prac\mcredentialprovider\release\mcredentialprovider.lib
e:\vs2013_prac\mcredentialprovider\release\mcredentialprovider.exp
e:\vs2013_prac\mcredentialprovider\sampleallcontrolscredentialprovider\release\resources.res
e:\vs2013_prac\mcredentialprovider\sampleallcontrolscredentialprovider\release\mcredent.7348aee0.tlog\cl.command.1.tlog
e:\vs2013_prac\mcredentialprovider\sampleallcontrolscredentialprovider\release\mcredent.7348aee0.tlog\cl.read.1.tlog
e:\vs2013_prac\mcredentialprovider\sampleallcontrolscredentialprovider\release\mcredent.7348aee0.tlog\cl.write.1.tlog
e:\vs2013_prac\mcredentialprovider\sampleallcontrolscredentialprovider\release\mcredent.7348aee0.tlog\link.command.1.tlog
e:\vs2013_prac\mcredentialprovider\sampleallcontrolscredentialprovider\release\mcredent.7348aee0.tlog\link.read.1.tlog
e:\vs2013_prac\mcredentialprovider\sampleallcontrolscredentialprovider\release\mcredent.7348aee0.tlog\link.write.1.tlog
e:\vs2013_prac\mcredentialprovider\sampleallcontrolscredentialprovider\release\mcredent.7348aee0.tlog\mcredentialprovider.write.1u.tlog
e:\vs2013_prac\mcredentialprovider\sampleallcontrolscredentialprovider\release\mcredent.7348aee0.tlog\rc.command.1.tlog
e:\vs2013_prac\mcredentialprovider\sampleallcontrolscredentialprovider\release\mcredent.7348aee0.tlog\rc.read.1.tlog
e:\vs2013_prac\mcredentialprovider\sampleallcontrolscredentialprovider\release\mcredent.7348aee0.tlog\rc.write.1.tlog
