生成启动时间为 2017/5/10 23:23:44。
     1>项目“E:\vs2013_prac\MCredentialProvider\SampleAllControlsCredentialProvider\SampleAllControlsCredentialProvider.vcxproj”在节点 2 上(Rebuild 个目标)。
     1>C:\Program Files (x86)\MSBuild\Microsoft.Cpp\v4.0\V120\Microsoft.CppBuild.targets(381,5): warning MSB8028: The intermediate directory (Release\) contains files shared from another project (SampleAllControlsCredentialProvider.vcxproj).  This can lead to incorrect clean and rebuild behavior.
     1>ClCompile:
         C:\Program Files (x86)\Microsoft Visual Studio 12.0\VC\bin\CL.exe /c /I"C:\Program Files\Microsoft SDKs\Windows\v1.0\Include" /ID:\mysql5.5\include /ID:\mysql5.5\lib /Zi /nologo /W1 /WX /O2 /Oy- /D _WINDLL /Gm- /EHsc /MD /GS /fp:precise /Zc:wchar_t /Zc:forScope /Fo"Release\\" /Fd"Release\vc120.pdb" /Gd /TP /analyze- /errorReport:prompt MCredential.cpp MProvider.cpp DataBaseOperation.cpp Dll.cpp DriverOperation.cpp guid.cpp helpers.cpp
         MCredential.cpp
         MProvider.cpp
         DataBaseOperation.cpp
         Dll.cpp
         DriverOperation.cpp
         guid.cpp
         helpers.cpp
         正在生成代码...
       ResourceCompile:
         C:\Program Files (x86)\Windows Kits\8.1\bin\x86\rc.exe /l"0x0409" /nologo /fo"Release\resources.res" resources.rc 
       Link:
         C:\Program Files (x86)\Microsoft Visual Studio 12.0\VC\bin\link.exe /ERRORREPORT:PROMPT /OUT:"E:\vs2013_prac\MCredentialProvider\Release\MCredentialProvider.dll" /VERBOSE:Lib /INCREMENTAL /NOLOGO /LIBPATH:"C:\program Files\microsoft sdKs\Windows\v1.0\Lib" /LIBPATH:D:\mysql5.5\lib secur32.lib shlwapi.lib gdi32.lib ole32.lib user32.lib advapi32.lib credui.lib libmysql.lib kernel32.lib user32.lib gdi32.lib winspool.lib comdlg32.lib advapi32.lib shell32.lib ole32.lib oleaut32.lib uuid.lib odbc32.lib odbccp32.lib /DEF:"sampleallcontrolscredentialprovider.def" /ASSEMBLYMODULE:secur32.lib /ASSEMBLYRESOURCE:secur32.lib /MANIFEST /MANIFESTUAC:"level='asInvoker' uiAccess='false'" /manifest:embed /DEBUG /PDB:"E:\vs2013_prac\MCredentialProvider\Release\MCredentialProvider.pdb" /TLBID:1 /DYNAMICBASE /NXCOMPAT /IMPLIB:"E:\vs2013_prac\MCredentialProvider\Release\MCredentialProvider.lib" /MACHINE:X86 /SAFESEH /DLL Release\resources.res
         Release\MCredential.obj
         Release\MProvider.obj
         Release\DataBaseOperation.obj
         Release\Dll.obj
         Release\DriverOperation.obj
         Release\guid.obj
         Release\helpers.obj
         
         正在搜索库
             正在搜索 C:\Program Files (x86)\Windows Kits\8.1\lib\winv6.3\um\x86\secur32.lib: 
             正在搜索 C:\Program Files (x86)\Windows Kits\8.1\lib\winv6.3\um\x86\shlwapi.lib: 
             正在搜索 C:\Program Files (x86)\Windows Kits\8.1\lib\winv6.3\um\x86\gdi32.lib: 
             正在搜索 C:\Program Files (x86)\Windows Kits\8.1\lib\winv6.3\um\x86\ole32.lib: 
             正在搜索 C:\Program Files (x86)\Windows Kits\8.1\lib\winv6.3\um\x86\user32.lib: 
             正在搜索 C:\Program Files (x86)\Windows Kits\8.1\lib\winv6.3\um\x86\advapi32.lib: 
             正在搜索 C:\Program Files (x86)\Windows Kits\8.1\lib\winv6.3\um\x86\credui.lib: 
             正在搜索 D:\mysql5.5\lib\libmysql.lib: 
             正在搜索 C:\Program Files (x86)\Windows Kits\8.1\lib\winv6.3\um\x86\kernel32.lib: 
             正在搜索 C:\Program Files (x86)\Windows Kits\8.1\lib\winv6.3\um\x86\winspool.lib: 
             正在搜索 C:\Program Files (x86)\Windows Kits\8.1\lib\winv6.3\um\x86\comdlg32.lib: 
             正在搜索 C:\Program Files (x86)\Windows Kits\8.1\lib\winv6.3\um\x86\shell32.lib: 
             正在搜索 C:\Program Files (x86)\Windows Kits\8.1\lib\winv6.3\um\x86\oleaut32.lib: 
             正在搜索 C:\Program Files (x86)\Windows Kits\8.1\lib\winv6.3\um\x86\uuid.lib: 
             正在搜索 C:\Program Files (x86)\Windows Kits\8.1\lib\winv6.3\um\x86\odbc32.lib: 
             正在搜索 C:\Program Files (x86)\Windows Kits\8.1\lib\winv6.3\um\x86\odbccp32.lib: 
             正在搜索 C:\Program Files (x86)\Microsoft Visual Studio 12.0\VC\lib\MSVCRT.lib: 
             正在搜索 C:\Program Files (x86)\Microsoft Visual Studio 12.0\VC\lib\OLDNAMES.lib: 
             正在搜索 C:\Program Files (x86)\Microsoft Visual Studio 12.0\VC\lib\msvcprt.lib: 
             正在搜索 C:\Program Files (x86)\Windows Kits\8.1\lib\winv6.3\um\x86\secur32.lib: 
             正在搜索 C:\Program Files (x86)\Windows Kits\8.1\lib\winv6.3\um\x86\shlwapi.lib: 
             正在搜索 C:\Program Files (x86)\Windows Kits\8.1\lib\winv6.3\um\x86\gdi32.lib: 
             正在搜索 C:\Program Files (x86)\Windows Kits\8.1\lib\winv6.3\um\x86\ole32.lib: 
             正在搜索 C:\Program Files (x86)\Windows Kits\8.1\lib\winv6.3\um\x86\user32.lib: 
             正在搜索 C:\Program Files (x86)\Windows Kits\8.1\lib\winv6.3\um\x86\advapi32.lib: 
             正在搜索 C:\Program Files (x86)\Windows Kits\8.1\lib\winv6.3\um\x86\credui.lib: 
             正在搜索 D:\mysql5.5\lib\libmysql.lib: 
             正在搜索 C:\Program Files (x86)\Windows Kits\8.1\lib\winv6.3\um\x86\kernel32.lib: 
             正在搜索 C:\Program Files (x86)\Windows Kits\8.1\lib\winv6.3\um\x86\winspool.lib: 
             正在搜索 C:\Program Files (x86)\Windows Kits\8.1\lib\winv6.3\um\x86\comdlg32.lib: 
             正在搜索 C:\Program Files (x86)\Windows Kits\8.1\lib\winv6.3\um\x86\shell32.lib: 
             正在搜索 C:\Program Files (x86)\Windows Kits\8.1\lib\winv6.3\um\x86\oleaut32.lib: 
             正在搜索 C:\Program Files (x86)\Windows Kits\8.1\lib\winv6.3\um\x86\uuid.lib: 
             正在搜索 C:\Program Files (x86)\Windows Kits\8.1\lib\winv6.3\um\x86\odbc32.lib: 
             正在搜索 C:\Program Files (x86)\Windows Kits\8.1\lib\winv6.3\um\x86\odbccp32.lib: 
             正在搜索 C:\Program Files (x86)\Microsoft Visual Studio 12.0\VC\lib\MSVCRT.lib: 
             正在搜索 C:\Program Files (x86)\Microsoft Visual Studio 12.0\VC\lib\OLDNAMES.lib: 
         
         已完成库搜索
            正在创建库 E:\vs2013_prac\MCredentialProvider\Release\MCredentialProvider.lib 和对象 E:\vs2013_prac\MCredentialProvider\Release\MCredentialProvider.exp
         
         正在搜索库
             正在搜索 C:\Program Files (x86)\Windows Kits\8.1\lib\winv6.3\um\x86\secur32.lib: 
             正在搜索 C:\Program Files (x86)\Windows Kits\8.1\lib\winv6.3\um\x86\shlwapi.lib: 
             正在搜索 C:\Program Files (x86)\Windows Kits\8.1\lib\winv6.3\um\x86\gdi32.lib: 
             正在搜索 C:\Program Files (x86)\Windows Kits\8.1\lib\winv6.3\um\x86\ole32.lib: 
             正在搜索 C:\Program Files (x86)\Windows Kits\8.1\lib\winv6.3\um\x86\user32.lib: 
             正在搜索 C:\Program Files (x86)\Windows Kits\8.1\lib\winv6.3\um\x86\advapi32.lib: 
             正在搜索 C:\Program Files (x86)\Windows Kits\8.1\lib\winv6.3\um\x86\credui.lib: 
             正在搜索 D:\mysql5.5\lib\libmysql.lib: 
             正在搜索 C:\Program Files (x86)\Windows Kits\8.1\lib\winv6.3\um\x86\kernel32.lib: 
             正在搜索 C:\Program Files (x86)\Windows Kits\8.1\lib\winv6.3\um\x86\winspool.lib: 
             正在搜索 C:\Program Files (x86)\Windows Kits\8.1\lib\winv6.3\um\x86\comdlg32.lib: 
             正在搜索 C:\Program Files (x86)\Windows Kits\8.1\lib\winv6.3\um\x86\shell32.lib: 
             正在搜索 C:\Program Files (x86)\Windows Kits\8.1\lib\winv6.3\um\x86\oleaut32.lib: 
             正在搜索 C:\Program Files (x86)\Windows Kits\8.1\lib\winv6.3\um\x86\uuid.lib: 
             正在搜索 C:\Program Files (x86)\Windows Kits\8.1\lib\winv6.3\um\x86\odbc32.lib: 
             正在搜索 C:\Program Files (x86)\Windows Kits\8.1\lib\winv6.3\um\x86\odbccp32.lib: 
             正在搜索 C:\Program Files (x86)\Microsoft Visual Studio 12.0\VC\lib\MSVCRT.lib: 
             正在搜索 C:\Program Files (x86)\Microsoft Visual Studio 12.0\VC\lib\OLDNAMES.lib: 
             正在搜索 C:\Program Files (x86)\Microsoft Visual Studio 12.0\VC\lib\msvcprt.lib: 
         
         已完成库搜索
         
         正在搜索库
             正在搜索 C:\Program Files (x86)\Windows Kits\8.1\lib\winv6.3\um\x86\secur32.lib: 
             正在搜索 C:\Program Files (x86)\Windows Kits\8.1\lib\winv6.3\um\x86\shlwapi.lib: 
             正在搜索 C:\Program Files (x86)\Windows Kits\8.1\lib\winv6.3\um\x86\gdi32.lib: 
             正在搜索 C:\Program Files (x86)\Windows Kits\8.1\lib\winv6.3\um\x86\ole32.lib: 
             正在搜索 C:\Program Files (x86)\Windows Kits\8.1\lib\winv6.3\um\x86\user32.lib: 
             正在搜索 C:\Program Files (x86)\Windows Kits\8.1\lib\winv6.3\um\x86\advapi32.lib: 
             正在搜索 C:\Program Files (x86)\Windows Kits\8.1\lib\winv6.3\um\x86\credui.lib: 
             正在搜索 D:\mysql5.5\lib\libmysql.lib: 
             正在搜索 C:\Program Files (x86)\Windows Kits\8.1\lib\winv6.3\um\x86\kernel32.lib: 
             正在搜索 C:\Program Files (x86)\Windows Kits\8.1\lib\winv6.3\um\x86\winspool.lib: 
             正在搜索 C:\Program Files (x86)\Windows Kits\8.1\lib\winv6.3\um\x86\comdlg32.lib: 
             正在搜索 C:\Program Files (x86)\Windows Kits\8.1\lib\winv6.3\um\x86\shell32.lib: 
             正在搜索 C:\Program Files (x86)\Windows Kits\8.1\lib\winv6.3\um\x86\oleaut32.lib: 
             正在搜索 C:\Program Files (x86)\Windows Kits\8.1\lib\winv6.3\um\x86\uuid.lib: 
             正在搜索 C:\Program Files (x86)\Windows Kits\8.1\lib\winv6.3\um\x86\odbc32.lib: 
             正在搜索 C:\Program Files (x86)\Windows Kits\8.1\lib\winv6.3\um\x86\odbccp32.lib: 
             正在搜索 C:\Program Files (x86)\Microsoft Visual Studio 12.0\VC\lib\MSVCRT.lib: 
             正在搜索 C:\Program Files (x86)\Microsoft Visual Studio 12.0\VC\lib\OLDNAMES.lib: 
             正在搜索 C:\Program Files (x86)\Microsoft Visual Studio 12.0\VC\lib\msvcprt.lib: 
             正在搜索 C:\Program Files (x86)\Windows Kits\8.1\lib\winv6.3\um\x86\secur32.lib: 
             正在搜索 C:\Program Files (x86)\Windows Kits\8.1\lib\winv6.3\um\x86\shlwapi.lib: 
             正在搜索 C:\Program Files (x86)\Windows Kits\8.1\lib\winv6.3\um\x86\gdi32.lib: 
             正在搜索 C:\Program Files (x86)\Windows Kits\8.1\lib\winv6.3\um\x86\ole32.lib: 
             正在搜索 C:\Program Files (x86)\Windows Kits\8.1\lib\winv6.3\um\x86\user32.lib: 
             正在搜索 C:\Program Files (x86)\Windows Kits\8.1\lib\winv6.3\um\x86\advapi32.lib: 
             正在搜索 C:\Program Files (x86)\Windows Kits\8.1\lib\winv6.3\um\x86\credui.lib: 
             正在搜索 D:\mysql5.5\lib\libmysql.lib: 
             正在搜索 C:\Program Files (x86)\Windows Kits\8.1\lib\winv6.3\um\x86\kernel32.lib: 
             正在搜索 C:\Program Files (x86)\Windows Kits\8.1\lib\winv6.3\um\x86\winspool.lib: 
             正在搜索 C:\Program Files (x86)\Windows Kits\8.1\lib\winv6.3\um\x86\comdlg32.lib: 
             正在搜索 C:\Program Files (x86)\Windows Kits\8.1\lib\winv6.3\um\x86\shell32.lib: 
             正在搜索 C:\Program Files (x86)\Windows Kits\8.1\lib\winv6.3\um\x86\oleaut32.lib: 
             正在搜索 C:\Program Files (x86)\Windows Kits\8.1\lib\winv6.3\um\x86\uuid.lib: 
             正在搜索 C:\Program Files (x86)\Windows Kits\8.1\lib\winv6.3\um\x86\odbc32.lib: 
             正在搜索 C:\Program Files (x86)\Windows Kits\8.1\lib\winv6.3\um\x86\odbccp32.lib: 
         
         已完成库搜索
         SampleAllControlsCredentialProvider.vcxproj -> E:\vs2013_prac\MCredentialProvider\Release\MCredentialProvider.dll
     1>已完成生成项目“E:\vs2013_prac\MCredentialProvider\SampleAllControlsCredentialProvider\SampleAllControlsCredentialProvider.vcxproj”(Rebuild 个目标)的操作。

生成成功。

已用时间 00:00:07.43
