e:\vs2013_prac\sampleallcontrolscredentialprovider3\sampleallcontrolscredentialprovider\debug\vc120.pdb
e:\vs2013_prac\sampleallcontrolscredentialprovider3\sampleallcontrolscredentialprovider\debug\vc120.idb
e:\vs2013_prac\sampleallcontrolscredentialprovider3\sampleallcontrolscredentialprovider\debug\helpers.obj
e:\vs2013_prac\sampleallcontrolscredentialprovider3\sampleallcontrolscredentialprovider\debug\guid.obj
e:\vs2013_prac\sampleallcontrolscredentialprovider3\sampleallcontrolscredentialprovider\debug\driveroperation.obj
e:\vs2013_prac\sampleallcontrolscredentialprovider3\sampleallcontrolscredentialprovider\debug\dll.obj
e:\vs2013_prac\sampleallcontrolscredentialprovider3\sampleallcontrolscredentialprovider\debug\databaseoperation.obj
e:\vs2013_prac\sampleallcontrolscredentialprovider3\sampleallcontrolscredentialprovider\debug\mprovider.obj
e:\vs2013_prac\sampleallcontrolscredentialprovider3\sampleallcontrolscredentialprovider\debug\mcredential.obj
e:\vs2013_prac\sampleallcontrolscredentialprovider3\sampleallcontrolscredentialprovider\debug\mcpfilter.obj
e:\vs2013_prac\sampleallcontrolscredentialprovider3\debug\mcredentialprovider.ilk
e:\vs2013_prac\sampleallcontrolscredentialprovider3\debug\mcredentialprovider.dll
e:\vs2013_prac\sampleallcontrolscredentialprovider3\debug\mcredentialprovider.pdb
e:\vs2013_prac\sampleallcontrolscredentialprovider3\debug\mcredentialprovider.lib
e:\vs2013_prac\sampleallcontrolscredentialprovider3\debug\mcredentialprovider.exp
e:\vs2013_prac\sampleallcontrolscredentialprovider3\sampleallcontrolscredentialprovider\debug\resources.res
e:\vs2013_prac\sampleallcontrolscredentialprovider3\sampleallcontrolscredentialprovider\debug\mcredent.7348aee0.tlog\cl.command.1.tlog
e:\vs2013_prac\sampleallcontrolscredentialprovider3\sampleallcontrolscredentialprovider\debug\mcredent.7348aee0.tlog\cl.read.1.tlog
e:\vs2013_prac\sampleallcontrolscredentialprovider3\sampleallcontrolscredentialprovider\debug\mcredent.7348aee0.tlog\cl.write.1.tlog
e:\vs2013_prac\sampleallcontrolscredentialprovider3\sampleallcontrolscredentialprovider\debug\mcredent.7348aee0.tlog\link.command.1.tlog
e:\vs2013_prac\sampleallcontrolscredentialprovider3\sampleallcontrolscredentialprovider\debug\mcredent.7348aee0.tlog\link.read.1.tlog
e:\vs2013_prac\sampleallcontrolscredentialprovider3\sampleallcontrolscredentialprovider\debug\mcredent.7348aee0.tlog\link.write.1.tlog
e:\vs2013_prac\sampleallcontrolscredentialprovider3\sampleallcontrolscredentialprovider\debug\mcredent.7348aee0.tlog\mcredentialprovider.write.1u.tlog
e:\vs2013_prac\sampleallcontrolscredentialprovider3\sampleallcontrolscredentialprovider\debug\mcredent.7348aee0.tlog\rc.command.1.tlog
e:\vs2013_prac\sampleallcontrolscredentialprovider3\sampleallcontrolscredentialprovider\debug\mcredent.7348aee0.tlog\rc.read.1.tlog
e:\vs2013_prac\sampleallcontrolscredentialprovider3\sampleallcontrolscredentialprovider\debug\mcredent.7348aee0.tlog\rc.write.1.tlog
