e:\vs2013_prac\sampleallcontrolscredentialprovider3\sampleallcontrolscredentialprovider\debug\vc120.pdb
e:\vs2013_prac\sampleallcontrolscredentialprovider3\sampleallcontrolscredentialprovider\debug\vc120.idb
e:\vs2013_prac\sampleallcontrolscredentialprovider3\sampleallcontrolscredentialprovider\debug\helpers.obj
e:\vs2013_prac\sampleallcontrolscredentialprovider3\sampleallcontrolscredentialprovider\debug\guid.obj
e:\vs2013_prac\sampleallcontrolscredentialprovider3\sampleallcontrolscredentialprovider\debug\driveroperation.obj
e:\vs2013_prac\sampleallcontrolscredentialprovider3\sampleallcontrolscredentialprovider\debug\dll.obj
e:\vs2013_prac\sampleallcontrolscredentialprovider3\sampleallcontrolscredentialprovider\debug\databaseoperation.obj
e:\vs2013_prac\sampleallcontrolscredentialprovider3\sampleallcontrolscredentialprovider\debug\csampleprovider.obj
e:\vs2013_prac\sampleallcontrolscredentialprovider3\sampleallcontrolscredentialprovider\debug\csamplecredential.obj
e:\vs2013_prac\sampleallcontrolscredentialprovider3\debug\sampleallcontrolscredentialprovider.ilk
e:\vs2013_prac\sampleallcontrolscredentialprovider3\debug\sampleallcontrolscredentialprovider.dll
e:\vs2013_prac\sampleallcontrolscredentialprovider3\debug\sampleallcontrolscredentialprovider.pdb
e:\vs2013_prac\sampleallcontrolscredentialprovider3\sampleallcontrolscredentialprovider\debug\resources.res
e:\vs2013_prac\sampleallcontrolscredentialprovider3\debug\sampleallcontrolscredentialprovider.lib
e:\vs2013_prac\sampleallcontrolscredentialprovider3\debug\sampleallcontrolscredentialprovider.exp
e:\vs2013_prac\sampleallcontrolscredentialprovider3\sampleallcontrolscredentialprovider\debug\sampleal.7348aee0.tlog\cl.command.1.tlog
e:\vs2013_prac\sampleallcontrolscredentialprovider3\sampleallcontrolscredentialprovider\debug\sampleal.7348aee0.tlog\cl.read.1.tlog
e:\vs2013_prac\sampleallcontrolscredentialprovider3\sampleallcontrolscredentialprovider\debug\sampleal.7348aee0.tlog\cl.write.1.tlog
e:\vs2013_prac\sampleallcontrolscredentialprovider3\sampleallcontrolscredentialprovider\debug\sampleal.7348aee0.tlog\link.command.1.tlog
e:\vs2013_prac\sampleallcontrolscredentialprovider3\sampleallcontrolscredentialprovider\debug\sampleal.7348aee0.tlog\link.read.1.tlog
e:\vs2013_prac\sampleallcontrolscredentialprovider3\sampleallcontrolscredentialprovider\debug\sampleal.7348aee0.tlog\link.write.1.tlog
e:\vs2013_prac\sampleallcontrolscredentialprovider3\sampleallcontrolscredentialprovider\debug\sampleal.7348aee0.tlog\rc.command.1.tlog
e:\vs2013_prac\sampleallcontrolscredentialprovider3\sampleallcontrolscredentialprovider\debug\sampleal.7348aee0.tlog\rc.read.1.tlog
e:\vs2013_prac\sampleallcontrolscredentialprovider3\sampleallcontrolscredentialprovider\debug\sampleal.7348aee0.tlog\rc.write.1.tlog
e:\vs2013_prac\sampleallcontrolscredentialprovider3\sampleallcontrolscredentialprovider\debug\sampleal.7348aee0.tlog\sampleallcontrolscredentialprovider.write.1u.tlog
